<?xml version="1.0" encoding="UTF-8"?>
<!-- Generated by org.testng.reporters.JUnitXMLReporter -->
<testsuite ignored="0" hostname="QZ-LT-R-AR-007" failures="1" tests="3" name="ChromeTest" time="12.436" errors="0" timestamp="2025-10-29T14:32:07 IST">
  <testcase classname="Day6_TestNG.ParamTest" name="testLogo" time="1.008">
    <failure type="java.lang.AssertionError" message="expected [true] but found [false]">
      <![CDATA[java.lang.AssertionError: expected [true] but found [false]
at Day6_TestNG.ParamTest.testLogo(ParamTest.java:47)
at java.base/java.util.ArrayList.forEach(ArrayList.java:1604)
at java.base/java.util.concurrent.FutureTask.run(FutureTask.java:328)
at java.base/java.util.concurrent.ThreadPoolExecutor.runWorker(ThreadPoolExecutor.java:1095)
at java.base/java.util.concurrent.ThreadPoolExecutor$Worker.run(ThreadPoolExecutor.java:619)
at java.base/java.lang.Thread.run(Thread.java:1447)
... Removed 22 stack frames]]>
    </failure>
  </testcase> <!-- testLogo -->
  <testcase classname="Day6_TestNG.ParamTest" name="testTitle" time="0.014"/>
  <testcase classname="Day6_TestNG.ParamTest" name="testURL" time="0.011"/>
</testsuite> <!-- ChromeTest -->
