<?xml version="1.0" encoding="UTF-8"?>
<!-- Generated by org.testng.reporters.JUnitXMLReporter -->
<testsuite ignored="0" hostname="QZ-LT-R-AR-007" failures="0" tests="3" name="FirefoxTest" time="18.303" errors="0" timestamp="2025-10-29T14:32:13 IST">
  <testcase classname="Day6_TestNG.ParamTest" name="testLogo" time="0.031"/>
  <testcase classname="Day6_TestNG.ParamTest" name="testTitle" time="0.006"/>
  <testcase classname="Day6_TestNG.ParamTest" name="testURL" time="0.005"/>
</testsuite> <!-- FirefoxTest -->
