<?xml version="1.0" encoding="UTF-8"?>
<!-- Generated by org.testng.reporters.JUnitXMLReporter -->
<testsuite ignored="5" hostname="QZ-LT-R-AR-041" failures="0" tests="3" name="TestNg practice suite" time="0.061" errors="0" timestamp="2025-11-21T18:42:30 IST">
  <testcase classname="TestNGGroups.Group1" name="loops" time="0.008"/>
  <testcase classname="TestNGGroups.Group2" name="conditional" time="0.0"/>
  <testcase classname="TestNGGroups.Group2" name="stringBuilder" time="0.001"/>
  <testcase classname="TestNGGroups.Group1" name="variables" time="0.0">
    <ignored/>
  </testcase> <!-- variables -->
  <testcase classname="TestNGGroups.Group3" name="assertions" time="0.0">
    <ignored/>
  </testcase> <!-- assertions -->
  <testcase classname="TestNGGroups.Group1" name="oops" time="0.0">
    <ignored/>
  </testcase> <!-- oops -->
  <testcase classname="TestNGGroups.Group1" name="collections" time="0.0">
    <ignored/>
  </testcase> <!-- collections -->
  <testcase classname="TestNGGroups.Group3" name="webDriver" time="0.0">
    <ignored/>
  </testcase> <!-- webDriver -->
</testsuite> <!-- TestNg practice suite -->
