<?xml version="1.0" encoding="UTF-8"?>
<!-- Generated by org.testng.reporters.JUnitXMLReporter -->
<testsuite ignored="6" hostname="QZ-LT-R-AR-007" failures="0" tests="2" name="grouping Test" time="0.06" errors="0" timestamp="2025-10-28T21:18:11 IST">
  <testcase classname="Day5_TestNG.Grouping_PaymentTest" name="paymentInRupees" time="0.011"/>
  <testcase classname="Day5_TestNG.Grouping_PaymentTest" name="paymentInDollars" time="0.002"/>
  <testcase classname="Day5_TestNG.Grouping_LoginTest" name="loginByEmail" time="0.0">
    <ignored/>
  </testcase> <!-- loginByEmail -->
  <testcase classname="Day5_TestNG.Grouping_SignupTest" name="signupByFacebook" time="0.0">
    <ignored/>
  </testcase> <!-- signupByFacebook -->
  <testcase classname="Day5_TestNG.Grouping_SignupTest" name="signupByTwitter" time="0.0">
    <ignored/>
  </testcase> <!-- signupByTwitter -->
  <testcase classname="Day5_TestNG.Grouping_LoginTest" name="loginByFacebook" time="0.0">
    <ignored/>
  </testcase> <!-- loginByFacebook -->
  <testcase classname="Day5_TestNG.Grouping_SignupTest" name="signupByEmail" time="0.0">
    <ignored/>
  </testcase> <!-- signupByEmail -->
  <testcase classname="Day5_TestNG.Grouping_LoginTest" name="loginByTwitter" time="0.0">
    <ignored/>
  </testcase> <!-- loginByTwitter -->
</testsuite> <!-- grouping Test -->
