<?xml version="1.0" encoding="UTF-8"?>
<testng-results ignored="0" total="3" passed="3" failed="0" skipped="0">
  <reporter-output>
  </reporter-output>
  <suite started-at="2025-11-21T18:42:29 IST" name="All Test Suites" finished-at="2025-11-21T18:42:30 IST" duration-ms="61">
    <groups>
      <group name="Java">
        <method signature="Group2.stringBuilder()[pri:2, instance:TestNGGroups.Group2@4466af20]" name="stringBuilder" class="TestNGGroups.Group2"/>
        <method signature="Group1.loops()[pri:1, instance:TestNGGroups.Group1@62150f9e]" name="loops" class="TestNGGroups.Group1"/>
      </group> <!-- Java -->
      <group name="Selenium">
        <method signature="Group2.conditional()[pri:1, instance:TestNGGroups.Group2@4466af20]" name="conditional" class="TestNGGroups.Group2"/>
      </group> <!-- Selenium -->
      <group name="Python">
        <method signature="Group2.conditional()[pri:1, instance:TestNGGroups.Group2@4466af20]" name="conditional" class="TestNGGroups.Group2"/>
      </group> <!-- Python -->
    </groups>
    <test started-at="2025-11-21T18:42:29 IST" name="TestNg practice suite" finished-at="2025-11-21T18:42:30 IST" duration-ms="61">
      <class name="TestNGGroups.Group1">
        <test-method signature="loops()[pri:1, instance:TestNGGroups.Group1@62150f9e]" started-at="2025-11-21T18:42:30 IST" name="loops" finished-at="2025-11-21T18:42:30 IST" duration-ms="8" status="PASS">
          <reporter-output>
          </reporter-output>
        </test-method> <!-- loops -->
      </class> <!-- TestNGGroups.Group1 -->
      <class name="TestNGGroups.Group2">
        <test-method signature="conditional()[pri:1, instance:TestNGGroups.Group2@4466af20]" started-at="2025-11-21T18:42:30 IST" name="conditional" finished-at="2025-11-21T18:42:30 IST" duration-ms="0" status="PASS">
          <reporter-output>
          </reporter-output>
        </test-method> <!-- conditional -->
        <test-method signature="stringBuilder()[pri:2, instance:TestNGGroups.Group2@4466af20]" started-at="2025-11-21T18:42:30 IST" name="stringBuilder" finished-at="2025-11-21T18:42:30 IST" depends-on-methods="TestNGGroups.Group2.conditional" duration-ms="1" status="PASS">
          <reporter-output>
          </reporter-output>
        </test-method> <!-- stringBuilder -->
      </class> <!-- TestNGGroups.Group2 -->
    </test> <!-- TestNg practice suite -->
  </suite> <!-- All Test Suites -->
</testng-results>
