<?xml version="1.0" encoding="UTF-8"?>
<testng-results ignored="0" total="1" passed="1" failed="0" skipped="0">
  <reporter-output>
  </reporter-output>
  <suite started-at="2026-01-09T12:40:30 IST" name="Suite" finished-at="2026-01-09T12:41:01 IST" duration-ms="31071">
    <groups>
      <group name="Master">
        <method signature="TC002_LoginTest_ValidCredentials.verifyLogin()[pri:0, instance:testCases.TC002_LoginTest_ValidCredentials@481ba2cf]" name="verifyLogin" class="testCases.TC002_LoginTest_ValidCredentials"/>
      </group> <!-- Master -->
      <group name="Sanity">
        <method signature="TC002_LoginTest_ValidCredentials.verifyLogin()[pri:0, instance:testCases.TC002_LoginTest_ValidCredentials@481ba2cf]" name="verifyLogin" class="testCases.TC002_LoginTest_ValidCredentials"/>
      </group> <!-- Sanity -->
    </groups>
    <test started-at="2026-01-09T12:40:30 IST" name="Test" finished-at="2026-01-09T12:41:01 IST" duration-ms="31071">
      <class name="testCases.TC002_LoginTest_ValidCredentials">
        <test-method is-config="true" signature="setup(java.lang.String,java.lang.String)[pri:0, instance:testCases.TC002_LoginTest_ValidCredentials@481ba2cf]" started-at="2026-01-09T12:40:31 IST" name="setup" finished-at="2026-01-09T12:40:58 IST" duration-ms="27291" status="PASS">
          <params>
            <param index="0">
              <value>
                <![CDATA[WINDOWS]]>
              </value>
            </param>
            <param index="1">
              <value>
                <![CDATA[CHROME]]>
              </value>
            </param>
          </params>
          <reporter-output>
          </reporter-output>
        </test-method> <!-- setup -->
        <test-method signature="verifyLogin()[pri:0, instance:testCases.TC002_LoginTest_ValidCredentials@481ba2cf]" started-at="2026-01-09T12:40:58 IST" name="verifyLogin" finished-at="2026-01-09T12:41:01 IST" duration-ms="3263" status="PASS">
          <reporter-output>
          </reporter-output>
        </test-method> <!-- verifyLogin -->
        <test-method is-config="true" signature="tearDown()[pri:0, instance:testCases.TC002_LoginTest_ValidCredentials@481ba2cf]" started-at="2026-01-09T12:41:01 IST" name="tearDown" finished-at="2026-01-09T12:41:01 IST" duration-ms="184" status="PASS">
          <reporter-output>
          </reporter-output>
        </test-method> <!-- tearDown -->
      </class> <!-- testCases.TC002_LoginTest_ValidCredentials -->
    </test> <!-- Test -->
  </suite> <!-- Suite -->
</testng-results>
