<?xml version="1.0" encoding="UTF-8"?>
<!-- Generated by org.testng.reporters.JUnitReportReporter -->
<testsuite hostname="QZ-LT-R-AR-041" failures="0" tests="3" name="TestNGPractice.TestNG1" time="11.828" errors="0" timestamp="2025-11-20T21:52:54 IST" skipped="0">
  <testcase classname="TestNGPractice.TestNG1" name="launchBrowser" time="7.309"/>
  <testcase classname="TestNGPractice.TestNG1" name="login" time="2.754"/>
  <testcase classname="TestNGPractice.TestNG1" name="quitBrowser" time="1.765"/>
</testsuite> <!-- TestNGPractice.TestNG1 -->
