<?xml version="1.0" encoding="UTF-8"?>
<!-- Generated by org.testng.reporters.JUnitReportReporter -->
<testsuite hostname="QZ-LT-R-AR-007" failures="0" tests="2" name="Day5_TestNG.Grouping_PaymentTest" time="0.013" errors="0" timestamp="2025-10-28T21:18:11 IST" skipped="0">
  <testcase classname="Day5_TestNG.Grouping_PaymentTest" name="paymentInRupees" time="0.011"/>
  <testcase classname="Day5_TestNG.Grouping_PaymentTest" name="paymentInDollars" time="0.002"/>
</testsuite> <!-- Day5_TestNG.Grouping_PaymentTest -->
