<?xml version="1.0" encoding="UTF-8"?>
<!-- Generated by org.testng.reporters.JUnitReportReporter -->
<testsuite hostname="QZ-LT-R-AR-007" failures="0" tests="3" name="Day2_TestNG.FirstTestCase" time="0.020" errors="0" timestamp="2025-10-26T17:40:33 IST" skipped="0">
  <testcase classname="Day2_TestNG.FirstTestCase" name="openapp" time="0.015"/>
  <testcase classname="Day2_TestNG.FirstTestCase" name="login" time="0.003"/>
  <testcase classname="Day2_TestNG.FirstTestCase" name="logout" time="0.002"/>
</testsuite> <!-- Day2_TestNG.FirstTestCase -->
