<?xml version="1.0" encoding="UTF-8"?>
<!-- Generated by org.testng.reporters.JUnitReportReporter -->
<testsuite hostname="QZ-LT-R-AR-007" failures="0" tests="3" name="Day5_TestNG.Grouping_SignupTest" time="0.004" errors="0" timestamp="2025-10-28T21:06:15 IST" skipped="0">
  <testcase classname="Day5_TestNG.Grouping_SignupTest" name="signupByEmail" time="0.002"/>
  <testcase classname="Day5_TestNG.Grouping_SignupTest" name="signupByFacebook" time="0.001"/>
  <testcase classname="Day5_TestNG.Grouping_SignupTest" name="signupByTwitter" time="0.001"/>
</testsuite> <!-- Day5_TestNG.Grouping_SignupTest -->
