<?xml version="1.0" encoding="UTF-8"?>
<!-- Generated by org.testng.reporters.JUnitReportReporter -->
<testsuite hostname="QZ-LT-R-AR-007" failures="1" tests="9" name="Day6_TestNG.ParamTest" time="1.133" errors="0" timestamp="2025-10-29T14:32:13 IST" skipped="0">
  <testcase classname="Day6_TestNG.ParamTest" name="testLogo" time="0.039"/>
  <testcase classname="Day6_TestNG.ParamTest" name="testLogo" time="1.008">
    <failure message="expected [true] but found [false]" type="java.lang.AssertionError">
      <![CDATA[java.lang.AssertionError: expected [true] but found [false]
at org.testng.Assert.fail(Assert.java:111)
at org.testng.Assert.failNotEquals(Assert.java:1590)
at org.testng.Assert.assertEqualsImpl(Assert.java:150)
at org.testng.Assert.assertEquals(Assert.java:132)
at org.testng.Assert.assertEquals(Assert.java:1079)
at org.testng.Assert.assertEquals(Assert.java:1043)
at org.testng.Assert.assertEquals(Assert.java:1089)
at Day6_TestNG.ParamTest.testLogo(ParamTest.java:47)
at java.base/jdk.internal.reflect.DirectMethodHandleAccessor.invoke(DirectMethodHandleAccessor.java:104)
at java.base/java.lang.reflect.Method.invoke(Method.java:565)
at org.testng.internal.invokers.MethodInvocationHelper.invokeMethod(MethodInvocationHelper.java:141)
at org.testng.internal.invokers.TestInvoker.invokeMethod(TestInvoker.java:687)
at org.testng.internal.invokers.TestInvoker.invokeTestMethod(TestInvoker.java:230)
at org.testng.internal.invokers.MethodRunner.runInSequence(MethodRunner.java:63)
at org.testng.internal.invokers.TestInvoker$MethodInvocationAgent.invoke(TestInvoker.java:995)
at org.testng.internal.invokers.TestInvoker.invokeTestMethods(TestInvoker.java:203)
at org.testng.internal.invokers.TestMethodWorker.invokeTestMethods(TestMethodWorker.java:154)
at org.testng.internal.invokers.TestMethodWorker.run(TestMethodWorker.java:134)
at java.base/java.util.ArrayList.forEach(ArrayList.java:1604)
at org.testng.TestRunner.privateRun(TestRunner.java:741)
at org.testng.TestRunner.run(TestRunner.java:616)
at org.testng.SuiteRunner.runTest(SuiteRunner.java:421)
at org.testng.SuiteRunner$SuiteWorker.run(SuiteRunner.java:463)
at org.testng.internal.thread.ThreadUtil.lambda$execute$0(ThreadUtil.java:64)
at java.base/java.util.concurrent.FutureTask.run(FutureTask.java:328)
at java.base/java.util.concurrent.ThreadPoolExecutor.runWorker(ThreadPoolExecutor.java:1095)
at java.base/java.util.concurrent.ThreadPoolExecutor$Worker.run(ThreadPoolExecutor.java:619)
at java.base/java.lang.Thread.run(Thread.java:1447)
]]>
    </failure>
  </testcase> <!-- testLogo -->
  <testcase classname="Day6_TestNG.ParamTest" name="testLogo" time="0.031"/>
  <testcase classname="Day6_TestNG.ParamTest" name="testTitle" time="0.010"/>
  <testcase classname="Day6_TestNG.ParamTest" name="testTitle" time="0.014"/>
  <testcase classname="Day6_TestNG.ParamTest" name="testTitle" time="0.006"/>
  <testcase classname="Day6_TestNG.ParamTest" name="testURL" time="0.011"/>
  <testcase classname="Day6_TestNG.ParamTest" name="testURL" time="0.009"/>
  <testcase classname="Day6_TestNG.ParamTest" name="testURL" time="0.005"/>
</testsuite> <!-- Day6_TestNG.ParamTest -->
