<?xml version="1.0" encoding="UTF-8"?>
<!-- Generated by org.testng.reporters.JUnitReportReporter -->
<testsuite hostname="QZ-LT-R-AR-007" failures="0" tests="3" name="Day5_TestNG.Grouping_LoginTest" time="0.011" errors="0" timestamp="2025-10-28T21:10:38 IST" skipped="0">
  <testcase classname="Day5_TestNG.Grouping_LoginTest" name="loginByEmail" time="0.009"/>
  <testcase classname="Day5_TestNG.Grouping_LoginTest" name="loginByFacebook" time="0.001"/>
  <testcase classname="Day5_TestNG.Grouping_LoginTest" name="loginByTwitter" time="0.001"/>
</testsuite> <!-- Day5_TestNG.Grouping_LoginTest -->
